1773083608.912306 client started (86256): version 3.5a, socket /tmp/tmux-1000/default, protocol 8
1773083608.912334 on Linux 6.18.16-200.fc43.x86_64 #1 SMP PREEMPT_DYNAMIC Wed Mar  4 19:13:32 UTC 2026
1773083608.912343 using libevent 2.1.12-stable poll
1773083608.912345 using ncurses 6.5 20250614
1773083608.912361 flags are 0x10010000
1773083608.912369 socket is /tmp/tmux-1000/default
1773083608.912389 trying connect
1773083608.912454 add peer 0x55cb3cad06e0: 6 ((nil))
1773083608.912680 sending message 111 to peer 0x55cb3cad06e0 (8 bytes)
1773083608.912686 sending message 111 to peer 0x55cb3cad06e0 (8 bytes)
1773083608.912688 sending message 101 to peer 0x55cb3cad06e0 (14 bytes)
1773083608.912689 sending message 109 to peer 0x55cb3cad06e0 (4 bytes)
1773083608.912691 sending message 102 to peer 0x55cb3cad06e0 (11 bytes)
1773083608.912693 sending message 108 to peer 0x55cb3cad06e0 (28 bytes)
1773083608.912694 sending message 112 to peer 0x55cb3cad06e0 (70 bytes)
1773083608.912696 sending message 112 to peer 0x55cb3cad06e0 (5 bytes)
1773083608.912697 sending message 112 to peer 0x55cb3cad06e0 (5 bytes)
1773083608.912699 sending message 112 to peer 0x55cb3cad06e0 (6 bytes)
1773083608.912700 sending message 112 to peer 0x55cb3cad06e0 (6 bytes)
1773083608.912701 sending message 112 to peer 0x55cb3cad06e0 (11 bytes)
1773083608.912703 sending message 112 to peer 0x55cb3cad06e0 (10 bytes)
1773083608.912704 sending message 112 to peer 0x55cb3cad06e0 (13 bytes)
1773083608.912706 sending message 112 to peer 0x55cb3cad06e0 (13 bytes)
1773083608.912707 sending message 112 to peer 0x55cb3cad06e0 (18 bytes)
1773083608.912709 sending message 112 to peer 0x55cb3cad06e0 (11 bytes)
1773083608.912710 sending message 112 to peer 0x55cb3cad06e0 (10 bytes)
1773083608.912712 sending message 112 to peer 0x55cb3cad06e0 (15 bytes)
1773083608.912713 sending message 112 to peer 0x55cb3cad06e0 (21 bytes)
1773083608.912715 sending message 112 to peer 0x55cb3cad06e0 (13 bytes)
1773083608.912716 sending message 112 to peer 0x55cb3cad06e0 (7 bytes)
1773083608.912718 sending message 112 to peer 0x55cb3cad06e0 (13 bytes)
1773083608.912719 sending message 112 to peer 0x55cb3cad06e0 (7 bytes)
1773083608.912721 sending message 112 to peer 0x55cb3cad06e0 (13 bytes)
1773083608.912722 sending message 112 to peer 0x55cb3cad06e0 (9 bytes)
1773083608.912723 sending message 112 to peer 0x55cb3cad06e0 (21 bytes)
1773083608.912725 sending message 112 to peer 0x55cb3cad06e0 (13 bytes)
1773083608.912726 sending message 112 to peer 0x55cb3cad06e0 (8 bytes)
1773083608.912728 sending message 112 to peer 0x55cb3cad06e0 (12 bytes)
1773083608.912729 sending message 112 to peer 0x55cb3cad06e0 (13 bytes)
1773083608.912731 sending message 112 to peer 0x55cb3cad06e0 (9 bytes)
1773083608.912732 sending message 112 to peer 0x55cb3cad06e0 (9 bytes)
1773083608.912733 sending message 112 to peer 0x55cb3cad06e0 (12 bytes)
1773083608.912735 sending message 112 to peer 0x55cb3cad06e0 (8 bytes)
1773083608.912736 sending message 112 to peer 0x55cb3cad06e0 (8 bytes)
1773083608.912738 sending message 112 to peer 0x55cb3cad06e0 (7 bytes)
1773083608.912739 sending message 112 to peer 0x55cb3cad06e0 (7 bytes)
1773083608.912741 sending message 112 to peer 0x55cb3cad06e0 (9 bytes)
1773083608.912742 sending message 112 to peer 0x55cb3cad06e0 (13 bytes)
1773083608.912743 sending message 112 to peer 0x55cb3cad06e0 (6 bytes)
1773083608.912745 sending message 112 to peer 0x55cb3cad06e0 (9 bytes)
1773083608.912746 sending message 112 to peer 0x55cb3cad06e0 (15 bytes)
1773083608.912748 sending message 112 to peer 0x55cb3cad06e0 (13 bytes)
1773083608.912749 sending message 112 to peer 0x55cb3cad06e0 (12 bytes)
1773083608.912751 sending message 112 to peer 0x55cb3cad06e0 (8 bytes)
1773083608.912752 sending message 112 to peer 0x55cb3cad06e0 (14 bytes)
1773083608.912753 sending message 112 to peer 0x55cb3cad06e0 (11 bytes)
1773083608.912755 sending message 112 to peer 0x55cb3cad06e0 (9 bytes)
1773083608.912756 sending message 112 to peer 0x55cb3cad06e0 (10 bytes)
1773083608.912758 sending message 112 to peer 0x55cb3cad06e0 (10 bytes)
1773083608.912765 sending message 112 to peer 0x55cb3cad06e0 (10 bytes)
1773083608.912769 sending message 112 to peer 0x55cb3cad06e0 (10 bytes)
1773083608.912771 sending message 112 to peer 0x55cb3cad06e0 (11 bytes)
1773083608.912772 sending message 112 to peer 0x55cb3cad06e0 (12 bytes)
1773083608.912774 sending message 112 to peer 0x55cb3cad06e0 (12 bytes)
1773083608.912775 sending message 112 to peer 0x55cb3cad06e0 (12 bytes)
1773083608.912777 sending message 112 to peer 0x55cb3cad06e0 (12 bytes)
1773083608.912778 sending message 112 to peer 0x55cb3cad06e0 (12 bytes)
1773083608.912780 sending message 112 to peer 0x55cb3cad06e0 (11 bytes)
1773083608.912781 sending message 112 to peer 0x55cb3cad06e0 (11 bytes)
1773083608.912783 sending message 112 to peer 0x55cb3cad06e0 (12 bytes)
1773083608.912784 sending message 112 to peer 0x55cb3cad06e0 (12 bytes)
1773083608.912786 sending message 112 to peer 0x55cb3cad06e0 (12 bytes)
1773083608.912787 sending message 112 to peer 0x55cb3cad06e0 (12 bytes)
1773083608.912789 sending message 112 to peer 0x55cb3cad06e0 (12 bytes)
1773083608.912790 sending message 112 to peer 0x55cb3cad06e0 (10 bytes)
1773083608.912792 sending message 112 to peer 0x55cb3cad06e0 (12 bytes)
1773083608.912793 sending message 112 to peer 0x55cb3cad06e0 (13 bytes)
1773083608.912794 sending message 112 to peer 0x55cb3cad06e0 (13 bytes)
1773083608.912796 sending message 112 to peer 0x55cb3cad06e0 (13 bytes)
1773083608.912797 sending message 112 to peer 0x55cb3cad06e0 (13 bytes)
1773083608.912799 sending message 112 to peer 0x55cb3cad06e0 (13 bytes)
1773083608.912800 sending message 112 to peer 0x55cb3cad06e0 (8 bytes)
1773083608.912802 sending message 112 to peer 0x55cb3cad06e0 (11 bytes)
1773083608.912803 sending message 112 to peer 0x55cb3cad06e0 (11 bytes)
1773083608.912805 sending message 112 to peer 0x55cb3cad06e0 (11 bytes)
1773083608.912806 sending message 112 to peer 0x55cb3cad06e0 (12 bytes)
1773083608.912808 sending message 112 to peer 0x55cb3cad06e0 (12 bytes)
1773083608.912809 sending message 112 to peer 0x55cb3cad06e0 (12 bytes)
1773083608.912811 sending message 112 to peer 0x55cb3cad06e0 (12 bytes)
1773083608.912812 sending message 112 to peer 0x55cb3cad06e0 (13 bytes)
1773083608.912813 sending message 112 to peer 0x55cb3cad06e0 (13 bytes)
1773083608.912815 sending message 112 to peer 0x55cb3cad06e0 (13 bytes)
1773083608.912816 sending message 112 to peer 0x55cb3cad06e0 (8 bytes)
1773083608.912818 sending message 112 to peer 0x55cb3cad06e0 (13 bytes)
1773083608.912819 sending message 112 to peer 0x55cb3cad06e0 (13 bytes)
1773083608.912821 sending message 112 to peer 0x55cb3cad06e0 (13 bytes)
1773083608.912822 sending message 112 to peer 0x55cb3cad06e0 (13 bytes)
1773083608.912824 sending message 112 to peer 0x55cb3cad06e0 (13 bytes)
1773083608.912825 sending message 112 to peer 0x55cb3cad06e0 (12 bytes)
1773083608.912827 sending message 112 to peer 0x55cb3cad06e0 (12 bytes)
1773083608.912828 sending message 112 to peer 0x55cb3cad06e0 (12 bytes)
1773083608.912829 sending message 112 to peer 0x55cb3cad06e0 (12 bytes)
1773083608.912831 sending message 112 to peer 0x55cb3cad06e0 (13 bytes)
1773083608.912832 sending message 112 to peer 0x55cb3cad06e0 (8 bytes)
1773083608.912834 sending message 112 to peer 0x55cb3cad06e0 (13 bytes)
1773083608.912835 sending message 112 to peer 0x55cb3cad06e0 (13 bytes)
1773083608.912837 sending message 112 to peer 0x55cb3cad06e0 (13 bytes)
1773083608.912838 sending message 112 to peer 0x55cb3cad06e0 (13 bytes)
1773083608.912840 sending message 112 to peer 0x55cb3cad06e0 (13 bytes)
1773083608.912841 sending message 112 to peer 0x55cb3cad06e0 (13 bytes)
1773083608.912843 sending message 112 to peer 0x55cb3cad06e0 (13 bytes)
1773083608.912844 sending message 112 to peer 0x55cb3cad06e0 (12 bytes)
1773083608.912846 sending message 112 to peer 0x55cb3cad06e0 (12 bytes)
1773083608.912847 sending message 112 to peer 0x55cb3cad06e0 (12 bytes)
1773083608.912848 sending message 112 to peer 0x55cb3cad06e0 (8 bytes)
1773083608.912850 sending message 112 to peer 0x55cb3cad06e0 (12 bytes)
1773083608.912853 sending message 112 to peer 0x55cb3cad06e0 (13 bytes)
1773083608.912856 sending message 112 to peer 0x55cb3cad06e0 (13 bytes)
1773083608.912857 sending message 112 to peer 0x55cb3cad06e0 (13 bytes)
1773083608.912859 sending message 112 to peer 0x55cb3cad06e0 (13 bytes)
1773083608.912860 sending message 112 to peer 0x55cb3cad06e0 (13 bytes)
1773083608.912862 sending message 112 to peer 0x55cb3cad06e0 (13 bytes)
1773083608.912863 sending message 112 to peer 0x55cb3cad06e0 (13 bytes)
1773083608.912865 sending message 112 to peer 0x55cb3cad06e0 (13 bytes)
1773083608.912866 sending message 112 to peer 0x55cb3cad06e0 (12 bytes)
1773083608.912868 sending message 112 to peer 0x55cb3cad06e0 (10 bytes)
1773083608.912869 sending message 112 to peer 0x55cb3cad06e0 (12 bytes)
1773083608.912871 sending message 112 to peer 0x55cb3cad06e0 (12 bytes)
1773083608.912872 sending message 112 to peer 0x55cb3cad06e0 (12 bytes)
1773083608.912874 sending message 112 to peer 0x55cb3cad06e0 (13 bytes)
1773083608.912875 sending message 112 to peer 0x55cb3cad06e0 (13 bytes)
1773083608.912877 sending message 112 to peer 0x55cb3cad06e0 (13 bytes)
1773083608.912878 sending message 112 to peer 0x55cb3cad06e0 (13 bytes)
1773083608.912879 sending message 112 to peer 0x55cb3cad06e0 (13 bytes)
1773083608.912881 sending message 112 to peer 0x55cb3cad06e0 (13 bytes)
1773083608.912882 sending message 112 to peer 0x55cb3cad06e0 (13 bytes)
1773083608.912884 sending message 112 to peer 0x55cb3cad06e0 (10 bytes)
1773083608.912885 sending message 112 to peer 0x55cb3cad06e0 (13 bytes)
1773083608.912887 sending message 112 to peer 0x55cb3cad06e0 (12 bytes)
1773083608.912888 sending message 112 to peer 0x55cb3cad06e0 (12 bytes)
1773083608.912890 sending message 112 to peer 0x55cb3cad06e0 (12 bytes)
1773083608.912891 sending message 112 to peer 0x55cb3cad06e0 (10 bytes)
1773083608.912893 sending message 112 to peer 0x55cb3cad06e0 (10 bytes)
1773083608.912894 sending message 112 to peer 0x55cb3cad06e0 (10 bytes)
1773083608.912896 sending message 112 to peer 0x55cb3cad06e0 (12 bytes)
1773083608.912897 sending message 112 to peer 0x55cb3cad06e0 (13 bytes)
1773083608.912898 sending message 112 to peer 0x55cb3cad06e0 (13 bytes)
1773083608.912900 sending message 112 to peer 0x55cb3cad06e0 (13 bytes)
1773083608.912901 sending message 112 to peer 0x55cb3cad06e0 (13 bytes)
1773083608.912903 sending message 112 to peer 0x55cb3cad06e0 (13 bytes)
1773083608.912904 sending message 112 to peer 0x55cb3cad06e0 (11 bytes)
1773083608.912906 sending message 112 to peer 0x55cb3cad06e0 (11 bytes)
1773083608.912907 sending message 112 to peer 0x55cb3cad06e0 (12 bytes)
1773083608.912909 sending message 112 to peer 0x55cb3cad06e0 (12 bytes)
1773083608.912910 sending message 112 to peer 0x55cb3cad06e0 (12 bytes)
1773083608.912912 sending message 112 to peer 0x55cb3cad06e0 (12 bytes)
1773083608.912913 sending message 112 to peer 0x55cb3cad06e0 (12 bytes)
1773083608.912914 sending message 112 to peer 0x55cb3cad06e0 (11 bytes)
1773083608.912916 sending message 112 to peer 0x55cb3cad06e0 (12 bytes)
1773083608.912917 sending message 112 to peer 0x55cb3cad06e0 (12 bytes)
1773083608.912919 sending message 112 to peer 0x55cb3cad06e0 (13 bytes)
1773083608.912920 sending message 112 to peer 0x55cb3cad06e0 (13 bytes)
1773083608.912922 sending message 112 to peer 0x55cb3cad06e0 (13 bytes)
1773083608.912923 sending message 112 to peer 0x55cb3cad06e0 (13 bytes)
1773083608.912925 sending message 112 to peer 0x55cb3cad06e0 (13 bytes)
1773083608.912926 sending message 112 to peer 0x55cb3cad06e0 (10 bytes)
1773083608.912928 sending message 112 to peer 0x55cb3cad06e0 (9 bytes)
1773083608.912929 sending message 112 to peer 0x55cb3cad06e0 (12 bytes)
1773083608.912931 sending message 112 to peer 0x55cb3cad06e0 (13 bytes)
1773083608.912932 sending message 112 to peer 0x55cb3cad06e0 (13 bytes)
1773083608.912934 sending message 112 to peer 0x55cb3cad06e0 (13 bytes)
1773083608.912935 sending message 112 to peer 0x55cb3cad06e0 (13 bytes)
1773083608.912936 sending message 112 to peer 0x55cb3cad06e0 (13 bytes)
1773083608.912940 sending message 112 to peer 0x55cb3cad06e0 (9 bytes)
1773083608.912948 sending message 112 to peer 0x55cb3cad06e0 (12 bytes)
1773083608.912951 sending message 112 to peer 0x55cb3cad06e0 (13 bytes)
1773083608.912952 sending message 112 to peer 0x55cb3cad06e0 (13 bytes)
1773083608.912954 sending message 112 to peer 0x55cb3cad06e0 (13 bytes)
1773083608.912955 sending message 112 to peer 0x55cb3cad06e0 (13 bytes)
1773083608.912957 sending message 112 to peer 0x55cb3cad06e0 (13 bytes)
1773083608.912958 sending message 112 to peer 0x55cb3cad06e0 (11 bytes)
1773083608.912960 sending message 112 to peer 0x55cb3cad06e0 (12 bytes)
1773083608.912961 sending message 112 to peer 0x55cb3cad06e0 (13 bytes)
1773083608.912963 sending message 112 to peer 0x55cb3cad06e0 (13 bytes)
1773083608.912964 sending message 112 to peer 0x55cb3cad06e0 (13 bytes)
1773083608.912966 sending message 112 to peer 0x55cb3cad06e0 (13 bytes)
1773083608.912967 sending message 112 to peer 0x55cb3cad06e0 (13 bytes)
1773083608.912969 sending message 112 to peer 0x55cb3cad06e0 (11 bytes)
1773083608.912970 sending message 112 to peer 0x55cb3cad06e0 (12 bytes)
1773083608.912972 sending message 112 to peer 0x55cb3cad06e0 (12 bytes)
1773083608.912973 sending message 112 to peer 0x55cb3cad06e0 (12 bytes)
1773083608.912975 sending message 112 to peer 0x55cb3cad06e0 (12 bytes)
1773083608.912976 sending message 112 to peer 0x55cb3cad06e0 (12 bytes)
1773083608.912978 sending message 112 to peer 0x55cb3cad06e0 (21 bytes)
1773083608.912979 sending message 112 to peer 0x55cb3cad06e0 (12 bytes)
1773083608.912981 sending message 112 to peer 0x55cb3cad06e0 (9 bytes)
1773083608.912982 sending message 112 to peer 0x55cb3cad06e0 (6 bytes)
1773083608.912984 sending message 112 to peer 0x55cb3cad06e0 (13 bytes)
1773083608.912985 sending message 112 to peer 0x55cb3cad06e0 (8 bytes)
1773083608.912987 sending message 112 to peer 0x55cb3cad06e0 (15 bytes)
1773083608.912989 sending message 112 to peer 0x55cb3cad06e0 (13 bytes)
1773083608.912990 sending message 112 to peer 0x55cb3cad06e0 (9 bytes)
1773083608.912992 sending message 112 to peer 0x55cb3cad06e0 (70 bytes)
1773083608.912993 sending message 112 to peer 0x55cb3cad06e0 (69 bytes)
1773083608.912995 sending message 112 to peer 0x55cb3cad06e0 (10 bytes)
1773083608.912996 sending message 112 to peer 0x55cb3cad06e0 (10 bytes)
1773083608.912998 sending message 112 to peer 0x55cb3cad06e0 (8 bytes)
1773083608.912999 sending message 112 to peer 0x55cb3cad06e0 (15 bytes)
1773083608.913001 sending message 112 to peer 0x55cb3cad06e0 (13 bytes)
1773083608.913003 sending message 112 to peer 0x55cb3cad06e0 (10 bytes)
1773083608.913004 sending message 112 to peer 0x55cb3cad06e0 (10 bytes)
1773083608.913006 sending message 112 to peer 0x55cb3cad06e0 (17 bytes)
1773083608.913008 sending message 112 to peer 0x55cb3cad06e0 (10 bytes)
1773083608.913009 sending message 112 to peer 0x55cb3cad06e0 (13 bytes)
1773083608.913011 sending message 112 to peer 0x55cb3cad06e0 (9 bytes)
1773083608.913012 sending message 112 to peer 0x55cb3cad06e0 (5 bytes)
1773083608.913014 sending message 112 to peer 0x55cb3cad06e0 (15 bytes)
1773083608.913016 sending message 104 to peer 0x55cb3cad06e0 (0 bytes)
1773083608.913018 sending message 110 to peer 0x55cb3cad06e0 (0 bytes)
1773083608.913020 sending message 107 to peer 0x55cb3cad06e0 (4 bytes)
1773083608.913021 sending message 105 to peer 0x55cb3cad06e0 (23 bytes)
1773083608.913023 sending message 105 to peer 0x55cb3cad06e0 (33 bytes)
1773083608.913024 sending message 105 to peer 0x55cb3cad06e0 (24 bytes)
1773083608.913026 sending message 105 to peer 0x55cb3cad06e0 (39 bytes)
1773083608.913027 sending message 105 to peer 0x55cb3cad06e0 (79 bytes)
1773083608.913029 sending message 105 to peer 0x55cb3cad06e0 (17 bytes)
1773083608.913030 sending message 105 to peer 0x55cb3cad06e0 (39 bytes)
1773083608.913032 sending message 105 to peer 0x55cb3cad06e0 (28 bytes)
1773083608.913034 sending message 105 to peer 0x55cb3cad06e0 (54 bytes)
1773083608.913035 sending message 105 to peer 0x55cb3cad06e0 (11 bytes)
1773083608.913038 sending message 105 to peer 0x55cb3cad06e0 (13 bytes)
1773083608.913041 sending message 105 to peer 0x55cb3cad06e0 (24 bytes)
1773083608.913042 sending message 105 to peer 0x55cb3cad06e0 (20 bytes)
1773083608.913044 sending message 105 to peer 0x55cb3cad06e0 (30 bytes)
1773083608.913045 sending message 105 to peer 0x55cb3cad06e0 (35 bytes)
1773083608.913047 sending message 105 to peer 0x55cb3cad06e0 (23 bytes)
1773083608.913048 sending message 105 to peer 0x55cb3cad06e0 (47 bytes)
1773083608.913050 sending message 105 to peer 0x55cb3cad06e0 (13 bytes)
1773083608.913052 sending message 105 to peer 0x55cb3cad06e0 (26 bytes)
1773083608.913053 sending message 105 to peer 0x55cb3cad06e0 (18 bytes)
1773083608.913055 sending message 105 to peer 0x55cb3cad06e0 (22 bytes)
1773083608.913056 sending message 105 to peer 0x55cb3cad06e0 (23 bytes)
1773083608.913058 sending message 105 to peer 0x55cb3cad06e0 (19 bytes)
1773083608.913059 sending message 105 to peer 0x55cb3cad06e0 (51 bytes)
1773083608.913061 sending message 105 to peer 0x55cb3cad06e0 (16 bytes)
1773083608.913062 sending message 105 to peer 0x55cb3cad06e0 (24 bytes)
1773083608.913064 sending message 105 to peer 0x55cb3cad06e0 (23 bytes)
1773083608.913065 sending message 105 to peer 0x55cb3cad06e0 (33 bytes)
1773083608.913067 sending message 105 to peer 0x55cb3cad06e0 (43 bytes)
1773083608.913068 sending message 105 to peer 0x55cb3cad06e0 (13 bytes)
1773083608.913070 sending message 105 to peer 0x55cb3cad06e0 (24 bytes)
1773083608.913072 sending message 105 to peer 0x55cb3cad06e0 (146 bytes)
1773083608.913074 sending message 105 to peer 0x55cb3cad06e0 (15 bytes)
1773083608.913075 sending message 105 to peer 0x55cb3cad06e0 (22 bytes)
1773083608.913077 sending message 105 to peer 0x55cb3cad06e0 (8 bytes)
1773083608.913078 sending message 105 to peer 0x55cb3cad06e0 (27 bytes)
1773083608.913080 sending message 105 to peer 0x55cb3cad06e0 (78 bytes)
1773083608.913082 sending message 105 to peer 0x55cb3cad06e0 (45 bytes)
1773083608.913083 sending message 105 to peer 0x55cb3cad06e0 (36 bytes)
1773083608.913085 sending message 105 to peer 0x55cb3cad06e0 (21 bytes)
1773083608.913086 sending message 105 to peer 0x55cb3cad06e0 (11 bytes)
1773083608.913088 sending message 105 to peer 0x55cb3cad06e0 (20 bytes)
1773083608.913089 sending message 105 to peer 0x55cb3cad06e0 (20 bytes)
1773083608.913091 sending message 105 to peer 0x55cb3cad06e0 (26 bytes)
1773083608.913093 sending message 105 to peer 0x55cb3cad06e0 (52 bytes)
1773083608.913095 sending message 105 to peer 0x55cb3cad06e0 (31 bytes)
1773083608.913096 sending message 105 to peer 0x55cb3cad06e0 (40 bytes)
1773083608.913098 sending message 105 to peer 0x55cb3cad06e0 (19 bytes)
1773083608.913099 sending message 105 to peer 0x55cb3cad06e0 (30 bytes)
1773083608.913101 sending message 105 to peer 0x55cb3cad06e0 (108 bytes)
1773083608.913102 sending message 105 to peer 0x55cb3cad06e0 (25 bytes)
1773083608.913104 sending message 105 to peer 0x55cb3cad06e0 (20 bytes)
1773083608.913105 sending message 105 to peer 0x55cb3cad06e0 (35 bytes)
1773083608.913107 sending message 105 to peer 0x55cb3cad06e0 (21 bytes)
1773083608.913108 sending message 105 to peer 0x55cb3cad06e0 (17 bytes)
1773083608.913110 sending message 105 to peer 0x55cb3cad06e0 (58 bytes)
1773083608.913111 sending message 105 to peer 0x55cb3cad06e0 (25 bytes)
1773083608.913113 sending message 105 to peer 0x55cb3cad06e0 (17 bytes)
1773083608.913114 sending message 105 to peer 0x55cb3cad06e0 (25 bytes)
1773083608.913116 sending message 105 to peer 0x55cb3cad06e0 (62 bytes)
1773083608.913117 sending message 105 to peer 0x55cb3cad06e0 (22 bytes)
1773083608.913119 sending message 105 to peer 0x55cb3cad06e0 (73 bytes)
1773083608.913121 sending message 105 to peer 0x55cb3cad06e0 (26 bytes)
1773083608.913122 sending message 105 to peer 0x55cb3cad06e0 (15 bytes)
1773083608.913124 sending message 105 to peer 0x55cb3cad06e0 (24 bytes)
1773083608.913125 sending message 105 to peer 0x55cb3cad06e0 (22 bytes)
1773083608.913127 sending message 105 to peer 0x55cb3cad06e0 (11 bytes)
1773083608.913130 sending message 105 to peer 0x55cb3cad06e0 (14 bytes)
1773083608.913132 sending message 105 to peer 0x55cb3cad06e0 (50 bytes)
1773083608.913134 sending message 105 to peer 0x55cb3cad06e0 (23 bytes)
1773083608.913136 sending message 105 to peer 0x55cb3cad06e0 (139 bytes)
1773083608.913137 sending message 105 to peer 0x55cb3cad06e0 (14 bytes)
1773083608.913139 sending message 105 to peer 0x55cb3cad06e0 (23 bytes)
1773083608.913140 sending message 105 to peer 0x55cb3cad06e0 (20 bytes)
1773083608.913142 sending message 105 to peer 0x55cb3cad06e0 (39 bytes)
1773083608.913143 sending message 105 to peer 0x55cb3cad06e0 (35 bytes)
1773083608.913145 sending message 105 to peer 0x55cb3cad06e0 (38 bytes)
1773083608.913146 sending message 105 to peer 0x55cb3cad06e0 (32 bytes)
1773083608.913148 sending message 105 to peer 0x55cb3cad06e0 (63 bytes)
1773083608.913149 sending message 105 to peer 0x55cb3cad06e0 (23 bytes)
1773083608.913151 sending message 105 to peer 0x55cb3cad06e0 (12 bytes)
1773083608.913152 sending message 105 to peer 0x55cb3cad06e0 (20 bytes)
1773083608.913154 sending message 105 to peer 0x55cb3cad06e0 (20 bytes)
1773083608.913155 sending message 105 to peer 0x55cb3cad06e0 (24 bytes)
1773083608.913157 sending message 105 to peer 0x55cb3cad06e0 (51 bytes)
1773083608.913158 sending message 105 to peer 0x55cb3cad06e0 (80 bytes)
1773083608.913166 sending message 105 to peer 0x55cb3cad06e0 (23 bytes)
1773083608.913170 sending message 105 to peer 0x55cb3cad06e0 (79 bytes)
1773083608.913171 sending message 105 to peer 0x55cb3cad06e0 (20 bytes)
1773083608.913173 sending message 106 to peer 0x55cb3cad06e0 (0 bytes)
1773083608.913207 sending message 200 to peer 0x55cb3cad06e0 (4 bytes)
1773083608.913209 client loop enter
1773083608.913435 peer 0x55cb3cad06e0 message 303
1773083608.913439 open write file 2 -
1773083608.913444 sending message 305 to peer 0x55cb3cad06e0 (8 bytes)
1773083608.913452 write check file 2
1773083608.913481 peer 0x55cb3cad06e0 message 304
1773083608.913483 write 58 to file 2
1773083608.913486 peer 0x55cb3cad06e0 message 203
1773083608.913488 file 2 58 bytes left
1773083608.913499 write check file 2
1773083608.913501 client loop exit
